<?xml version="1.0" encoding="UTF-8" ?>
<testsuite failures="0" time="2.267" errors="0" skipped="0" tests="1" name="ar.edu.utn.tacs2011c1.test.cliente.TestCliente">
  <properties>
    <property name="java.runtime.name" value="Java(TM) SE Runtime Environment"/>
    <property name="sun.boot.library.path" value="C:\Program Files\Java\jdk1.6.0_24\jre\bin"/>
    <property name="java.vm.version" value="19.1-b02"/>
    <property name="java.vm.vendor" value="Sun Microsystems Inc."/>
    <property name="java.vendor.url" value="http://java.sun.com/"/>
    <property name="path.separator" value=";"/>
    <property name="java.vm.name" value="Java HotSpot(TM) 64-Bit Server VM"/>
    <property name="file.encoding.pkg" value="sun.io"/>
    <property name="user.country" value="US"/>
    <property name="sun.java.launcher" value="SUN_STANDARD"/>
    <property name="sun.os.patch.level" value=""/>
    <property name="java.vm.specification.name" value="Java Virtual Machine Specification"/>
    <property name="user.dir" value="C:\Users\Owner\workspace\tacs1c2011"/>
    <property name="java.runtime.version" value="1.6.0_24-b07"/>
    <property name="java.awt.graphicsenv" value="sun.awt.Win32GraphicsEnvironment"/>
    <property name="basedir" value="C:\Users\Owner\workspace\tacs1c2011"/>
    <property name="java.endorsed.dirs" value="C:\Program Files\Java\jdk1.6.0_24\jre\lib\endorsed"/>
    <property name="os.arch" value="amd64"/>
    <property name="surefire.real.class.path" value="C:\Users\Owner\workspace\tacs1c2011\target\surefire\surefirebooter5605729388870194320.jar"/>
    <property name="java.io.tmpdir" value="C:\Users\Owner\AppData\Local\Temp\"/>
    <property name="line.separator" value="
"/>
    <property name="java.vm.specification.vendor" value="Sun Microsystems Inc."/>
    <property name="user.variant" value=""/>
    <property name="os.name" value="Windows 7"/>
    <property name="sun.jnu.encoding" value="Cp1252"/>
    <property name="java.library.path" value="C:\Program Files\Java\jdk1.6.0_24\jre\bin;.;C:\windows\Sun\Java\bin;C:\windows\system32;C:\windows;C:\Program Files\Common Files\Microsoft Shared\Windows Live;C:\Program Files (x86)\Common Files\Microsoft Shared\Windows Live;C:\windows\system32;C:\windows;C:\windows\System32\Wbem;C:\windows\System32\WindowsPowerShell\v1.0\;C:\Program Files\Intel\WiFi\bin\;C:\Program Files\Common Files\Intel\WirelessCommon\;c:\Program Files (x86)\Microsoft SQL Server\90\Tools\binn\;C:\Program Files (x86)\Windows Live\Shared;C:\Program Files (x86)\Git\cmd"/>
    <property name="surefire.test.class.path" value="C:\Users\Owner\workspace\tacs1c2011\target\test-classes;C:\Users\Owner\workspace\tacs1c2011\target\classes;C:\Users\Owner\.m2\repository\org\restlet\jse\org.restlet\2.0.0\org.restlet-2.0.0.jar;C:\Users\Owner\.m2\repository\org\osgi\org.osgi.core\4.0.0\org.osgi.core-4.0.0.jar;C:\Users\Owner\.m2\repository\org\restlet\jse\org.restlet.ext.simple\2.0.0\org.restlet.ext.simple-2.0.0.jar;C:\Users\Owner\.m2\repository\org\simpleframework\simple\4.1.20\simple-4.1.20.jar;C:\Users\Owner\.m2\repository\org\restlet\jee\org.restlet.ext.servlet\2.0.0\org.restlet.ext.servlet-2.0.0.jar;C:\Users\Owner\.m2\repository\org\restlet\jee\org.restlet\2.0.0\org.restlet-2.0.0.jar;C:\Users\Owner\.m2\repository\junit\junit\4.8.2\junit-4.8.2.jar;"/>
    <property name="java.specification.name" value="Java Platform API Specification"/>
    <property name="java.class.version" value="50.0"/>
    <property name="sun.management.compiler" value="HotSpot 64-Bit Server Compiler"/>
    <property name="os.version" value="6.1"/>
    <property name="user.home" value="C:\Users\Owner"/>
    <property name="user.timezone" value="America/Buenos_Aires"/>
    <property name="java.awt.printerjob" value="sun.awt.windows.WPrinterJob"/>
    <property name="java.specification.version" value="1.6"/>
    <property name="file.encoding" value="Cp1252"/>
    <property name="user.name" value="Owner"/>
    <property name="java.class.path" value="C:\Users\Owner\workspace\tacs1c2011\target\test-classes;C:\Users\Owner\workspace\tacs1c2011\target\classes;C:\Users\Owner\.m2\repository\org\restlet\jse\org.restlet\2.0.0\org.restlet-2.0.0.jar;C:\Users\Owner\.m2\repository\org\osgi\org.osgi.core\4.0.0\org.osgi.core-4.0.0.jar;C:\Users\Owner\.m2\repository\org\restlet\jse\org.restlet.ext.simple\2.0.0\org.restlet.ext.simple-2.0.0.jar;C:\Users\Owner\.m2\repository\org\simpleframework\simple\4.1.20\simple-4.1.20.jar;C:\Users\Owner\.m2\repository\org\restlet\jee\org.restlet.ext.servlet\2.0.0\org.restlet.ext.servlet-2.0.0.jar;C:\Users\Owner\.m2\repository\org\restlet\jee\org.restlet\2.0.0\org.restlet-2.0.0.jar;C:\Users\Owner\.m2\repository\junit\junit\4.8.2\junit-4.8.2.jar;"/>
    <property name="java.vm.specification.version" value="1.0"/>
    <property name="sun.arch.data.model" value="64"/>
    <property name="java.home" value="C:\Program Files\Java\jdk1.6.0_24\jre"/>
    <property name="java.specification.vendor" value="Sun Microsystems Inc."/>
    <property name="user.language" value="en"/>
    <property name="awt.toolkit" value="sun.awt.windows.WToolkit"/>
    <property name="java.vm.info" value="mixed mode"/>
    <property name="java.version" value="1.6.0_24"/>
    <property name="java.ext.dirs" value="C:\Program Files\Java\jdk1.6.0_24\jre\lib\ext;C:\windows\Sun\Java\lib\ext"/>
    <property name="sun.boot.class.path" value="C:\Program Files\Java\jdk1.6.0_24\jre\lib\resources.jar;C:\Program Files\Java\jdk1.6.0_24\jre\lib\rt.jar;C:\Program Files\Java\jdk1.6.0_24\jre\lib\sunrsasign.jar;C:\Program Files\Java\jdk1.6.0_24\jre\lib\jsse.jar;C:\Program Files\Java\jdk1.6.0_24\jre\lib\jce.jar;C:\Program Files\Java\jdk1.6.0_24\jre\lib\charsets.jar;C:\Program Files\Java\jdk1.6.0_24\jre\lib\modules\jdk.boot.jar;C:\Program Files\Java\jdk1.6.0_24\jre\classes"/>
    <property name="java.vendor" value="Sun Microsystems Inc."/>
    <property name="localRepository" value="C:\Users\Owner\.m2\repository"/>
    <property name="file.separator" value="\"/>
    <property name="java.vendor.url.bug" value="http://java.sun.com/cgi-bin/bugreport.cgi"/>
    <property name="sun.cpu.endian" value="little"/>
    <property name="sun.io.unicode.encoding" value="UnicodeLittle"/>
    <property name="sun.desktop" value="windows"/>
    <property name="sun.cpu.isalist" value="amd64"/>
  </properties>
  <testcase time="2.214" classname="ar.edu.utn.tacs2011c1.test.cliente.TestCliente" name="testGetApiML"/>
</testsuite>