<?xml version="1.0" encoding="UTF-8" ?>
<testsuite failures="0" time="2.297" errors="0" skipped="0" tests="1" name="ar.edu.utn.tacs2011c1.test.cliente.TestCliente">
  <properties>
    <property name="java.runtime.name" value="Java(TM) SE Runtime Environment"/>
    <property name="sun.boot.library.path" value="C:\Archivos de programa\Java\jdk1.6.0_23\jre\bin"/>
    <property name="java.vm.version" value="19.0-b09"/>
    <property name="java.vm.vendor" value="Sun Microsystems Inc."/>
    <property name="java.vendor.url" value="http://java.sun.com/"/>
    <property name="path.separator" value=";"/>
    <property name="java.vm.name" value="Java HotSpot(TM) Client VM"/>
    <property name="file.encoding.pkg" value="sun.io"/>
    <property name="user.country" value="AR"/>
    <property name="sun.java.launcher" value="SUN_STANDARD"/>
    <property name="sun.os.patch.level" value="Service Pack 3"/>
    <property name="java.vm.specification.name" value="Java Virtual Machine Specification"/>
    <property name="user.dir" value="D:\Mis Documentos\Maanuel\UTN\TACS\workspace\laboredCrime"/>
    <property name="java.runtime.version" value="1.6.0_23-b05"/>
    <property name="java.awt.graphicsenv" value="sun.awt.Win32GraphicsEnvironment"/>
    <property name="basedir" value="D:\Mis Documentos\Maanuel\UTN\TACS\workspace\laboredCrime"/>
    <property name="java.endorsed.dirs" value="C:\Archivos de programa\Java\jdk1.6.0_23\jre\lib\endorsed"/>
    <property name="os.arch" value="x86"/>
    <property name="surefire.real.class.path" value="D:\Mis Documentos\Maanuel\UTN\TACS\workspace\laboredCrime\target\surefire\surefirebooter9060923669521258267.jar"/>
    <property name="java.io.tmpdir" value="C:\DOCUME~1\Manuel\CONFIG~1\Temp\"/>
    <property name="line.separator" value="
"/>
    <property name="java.vm.specification.vendor" value="Sun Microsystems Inc."/>
    <property name="user.variant" value=""/>
    <property name="os.name" value="Windows XP"/>
    <property name="sun.jnu.encoding" value="Cp1252"/>
    <property name="java.library.path" value="C:\Archivos de programa\Java\jdk1.6.0_23\jre\bin;.;C:\WINDOWS\Sun\Java\bin;C:\WINDOWS\system32;C:\WINDOWS;D:\oraclexe\app\oracle\product\10.2.0\server\bin;C:\WINDOWS\system32;C:\WINDOWS;C:\WINDOWS\System32\Wbem;C:\Archivos de programa\Microsoft SQL Server\90\Tools\binn\"/>
    <property name="surefire.test.class.path" value="D:\Mis Documentos\Maanuel\UTN\TACS\workspace\laboredCrime\target\test-classes;D:\Mis Documentos\Maanuel\UTN\TACS\workspace\laboredCrime\target\classes;C:\Documents and Settings\Manuel\.m2\repository\org\restlet\jse\org.restlet\2.0.0\org.restlet-2.0.0.jar;C:\Documents and Settings\Manuel\.m2\repository\org\osgi\org.osgi.core\4.0.0\org.osgi.core-4.0.0.jar;C:\Documents and Settings\Manuel\.m2\repository\org\restlet\jse\org.restlet.ext.simple\2.0.0\org.restlet.ext.simple-2.0.0.jar;C:\Documents and Settings\Manuel\.m2\repository\org\simpleframework\simple\4.1.20\simple-4.1.20.jar;C:\Documents and Settings\Manuel\.m2\repository\org\restlet\jee\org.restlet.ext.servlet\2.0.0\org.restlet.ext.servlet-2.0.0.jar;C:\Documents and Settings\Manuel\.m2\repository\org\restlet\jee\org.restlet\2.0.0\org.restlet-2.0.0.jar;C:\Documents and Settings\Manuel\.m2\repository\junit\junit\4.8.2\junit-4.8.2.jar;C:\Documents and Settings\Manuel\.m2\repository\net\sf\json-lib\json-lib\2.4\json-lib-2.4-jdk15.jar;C:\Documents and Settings\Manuel\.m2\repository\commons-beanutils\commons-beanutils\1.8.0\commons-beanutils-1.8.0.jar;C:\Documents and Settings\Manuel\.m2\repository\commons-collections\commons-collections\3.2.1\commons-collections-3.2.1.jar;C:\Documents and Settings\Manuel\.m2\repository\commons-lang\commons-lang\2.5\commons-lang-2.5.jar;C:\Documents and Settings\Manuel\.m2\repository\commons-logging\commons-logging\1.1.1\commons-logging-1.1.1.jar;C:\Documents and Settings\Manuel\.m2\repository\net\sf\ezmorph\ezmorph\1.0.6\ezmorph-1.0.6.jar;"/>
    <property name="java.specification.name" value="Java Platform API Specification"/>
    <property name="java.class.version" value="50.0"/>
    <property name="sun.management.compiler" value="HotSpot Client Compiler"/>
    <property name="os.version" value="5.1"/>
    <property name="user.home" value="C:\Documents and Settings\Manuel"/>
    <property name="user.timezone" value="America/Buenos_Aires"/>
    <property name="java.awt.printerjob" value="sun.awt.windows.WPrinterJob"/>
    <property name="java.specification.version" value="1.6"/>
    <property name="file.encoding" value="Cp1252"/>
    <property name="user.name" value="Manuel"/>
    <property name="java.class.path" value="D:\Mis Documentos\Maanuel\UTN\TACS\workspace\laboredCrime\target\test-classes;D:\Mis Documentos\Maanuel\UTN\TACS\workspace\laboredCrime\target\classes;C:\Documents and Settings\Manuel\.m2\repository\org\restlet\jse\org.restlet\2.0.0\org.restlet-2.0.0.jar;C:\Documents and Settings\Manuel\.m2\repository\org\osgi\org.osgi.core\4.0.0\org.osgi.core-4.0.0.jar;C:\Documents and Settings\Manuel\.m2\repository\org\restlet\jse\org.restlet.ext.simple\2.0.0\org.restlet.ext.simple-2.0.0.jar;C:\Documents and Settings\Manuel\.m2\repository\org\simpleframework\simple\4.1.20\simple-4.1.20.jar;C:\Documents and Settings\Manuel\.m2\repository\org\restlet\jee\org.restlet.ext.servlet\2.0.0\org.restlet.ext.servlet-2.0.0.jar;C:\Documents and Settings\Manuel\.m2\repository\org\restlet\jee\org.restlet\2.0.0\org.restlet-2.0.0.jar;C:\Documents and Settings\Manuel\.m2\repository\junit\junit\4.8.2\junit-4.8.2.jar;C:\Documents and Settings\Manuel\.m2\repository\net\sf\json-lib\json-lib\2.4\json-lib-2.4-jdk15.jar;C:\Documents and Settings\Manuel\.m2\repository\commons-beanutils\commons-beanutils\1.8.0\commons-beanutils-1.8.0.jar;C:\Documents and Settings\Manuel\.m2\repository\commons-collections\commons-collections\3.2.1\commons-collections-3.2.1.jar;C:\Documents and Settings\Manuel\.m2\repository\commons-lang\commons-lang\2.5\commons-lang-2.5.jar;C:\Documents and Settings\Manuel\.m2\repository\commons-logging\commons-logging\1.1.1\commons-logging-1.1.1.jar;C:\Documents and Settings\Manuel\.m2\repository\net\sf\ezmorph\ezmorph\1.0.6\ezmorph-1.0.6.jar;"/>
    <property name="java.vm.specification.version" value="1.0"/>
    <property name="sun.arch.data.model" value="32"/>
    <property name="java.home" value="C:\Archivos de programa\Java\jdk1.6.0_23\jre"/>
    <property name="java.specification.vendor" value="Sun Microsystems Inc."/>
    <property name="user.language" value="es"/>
    <property name="awt.toolkit" value="sun.awt.windows.WToolkit"/>
    <property name="java.vm.info" value="mixed mode, sharing"/>
    <property name="java.version" value="1.6.0_23"/>
    <property name="java.ext.dirs" value="C:\Archivos de programa\Java\jdk1.6.0_23\jre\lib\ext;C:\WINDOWS\Sun\Java\lib\ext"/>
    <property name="sun.boot.class.path" value="C:\Archivos de programa\Java\jdk1.6.0_23\jre\lib\resources.jar;C:\Archivos de programa\Java\jdk1.6.0_23\jre\lib\rt.jar;C:\Archivos de programa\Java\jdk1.6.0_23\jre\lib\sunrsasign.jar;C:\Archivos de programa\Java\jdk1.6.0_23\jre\lib\jsse.jar;C:\Archivos de programa\Java\jdk1.6.0_23\jre\lib\jce.jar;C:\Archivos de programa\Java\jdk1.6.0_23\jre\lib\charsets.jar;C:\Archivos de programa\Java\jdk1.6.0_23\jre\lib\modules\jdk.boot.jar;C:\Archivos de programa\Java\jdk1.6.0_23\jre\classes"/>
    <property name="java.vendor" value="Sun Microsystems Inc."/>
    <property name="localRepository" value="C:\Documents and Settings\Manuel\.m2\repository"/>
    <property name="file.separator" value="\"/>
    <property name="java.vendor.url.bug" value="http://java.sun.com/cgi-bin/bugreport.cgi"/>
    <property name="sun.cpu.endian" value="little"/>
    <property name="sun.io.unicode.encoding" value="UnicodeLittle"/>
    <property name="sun.desktop" value="windows"/>
    <property name="sun.cpu.isalist" value="pentium_pro+mmx pentium_pro pentium+mmx pentium i486 i386 i86"/>
  </properties>
  <testcase time="2.266" classname="ar.edu.utn.tacs2011c1.test.cliente.TestCliente" name="testGetApiML"/>
</testsuite>